[14:57:53] Phase 2 — 8 task(s) remaining
[14:57:53] ━━━ Task #1 — 2.4 ━━━
[14:57:53] Description: 2.4 Credit card registry — Add/edit/remove cards with bank, name, points program, rates, annual fee, benefits
[14:57:53] ▶ Executing task 2.4...
[15:04:34] ▶ Review attempt 1/3 for task 2.4...
[15:06:19] ▶ Applying review recommendations for task 2.4...
[15:09:36] ▶ Review attempt 2/3 for task 2.4...
[15:11:56] ▶ Applying review recommendations for task 2.4...
[15:14:29] ▶ Review attempt 3/3 for task 2.4...
[15:16:24] ⚠️  Max review attempts (3) reached for task 2.4. Moving on.
[15:16:24] Task 2.4 complete. Pausing 5s...
[15:16:29] Phase 2 — 7 task(s) remaining
[15:16:29] ━━━ Task #2 — 2.5 ━━━
[15:16:29] Description: 2.5 Dashboard page — Consolidated view: balances, subscriptions, projections, recent transfers, staleness alerts
[15:16:29] ▶ Executing task 2.5...
[15:25:40] ▶ Review attempt 1/3 for task 2.5...
[15:27:58] ▶ Applying review recommendations for task 2.5...
[15:31:26] ▶ Review attempt 2/3 for task 2.5...
[15:34:31] ▶ Applying review recommendations for task 2.5...
[15:35:30] ▶ Review attempt 3/3 for task 2.5...
[15:38:01] ⚠️  Max review attempts (3) reached for task 2.5. Moving on.
[15:38:01] Task 2.5 complete. Pausing 5s...
[15:38:06] Phase 2 — 6 task(s) remaining
[15:38:06] ━━━ Task #3 — 2.6 ━━━
[15:38:06] Description: 2.6 Transfer logging — Log transfers with source/dest program, amount, bonus %, cost, linked promotion
[15:38:06] ▶ Executing task 2.6...
[15:50:40] ▶ Review attempt 1/3 for task 2.6...
[15:53:46] ▶ Applying review recommendations for task 2.6...
[15:57:45] ▶ Review attempt 2/3 for task 2.6...
[15:59:50] ▶ Applying review recommendations for task 2.6...
[16:00:14] ▶ Review attempt 3/3 for task 2.6...
[16:02:11] ⚠️  Max review attempts (3) reached for task 2.6. Moving on.
[16:02:11] Task 2.6 complete. Pausing 5s...
[16:02:16] Phase 2 — 5 task(s) remaining
[16:02:16] ━━━ Task #4 — 2.7 ━━━
[16:02:16] Description: 2.7 **Potential balance calculator** — "If you transferred all Livelo + Esfera to Smiles, you'd have X miles." Show per-airline consolidation options. [Inspired by Oktoplus]
[16:02:16] ▶ Executing task 2.7...
[16:02:34] ▶ Review attempt 1/3 for task 2.7...
[16:03:04] ▶ Applying review recommendations for task 2.7...
[16:04:41] ▶ Review attempt 2/3 for task 2.7...
[16:05:36] ▶ Applying review recommendations for task 2.7...
[16:05:57] ▶ Review attempt 3/3 for task 2.7...
[16:06:35] ⚠️  Max review attempts (3) reached for task 2.7. Moving on.
[16:06:35] Task 2.7 complete. Pausing 5s...
[16:06:40] Phase 2 — 5 task(s) remaining
[16:06:40] ━━━ Task #5 — 2.7 ━━━
[16:06:40] Description: 2.7 **Potential balance calculator** — "If you transferred all Livelo + Esfera to Smiles, you'd have X miles." Show per-airline consolidation options. [Inspired by Oktoplus]
[16:06:40] ▶ Executing task 2.7...
[16:13:33] ▶ Review attempt 1/3 for task 2.7...
[16:15:22] ▶ Applying review recommendations for task 2.7...
[16:17:14] ▶ Review attempt 2/3 for task 2.7...
[16:19:21] ▶ Applying review recommendations for task 2.7...
[16:19:55] ▶ Review attempt 3/3 for task 2.7...
[16:21:04] ⚠️  Max review attempts (3) reached for task 2.7. Moving on.
[16:21:04] Task 2.7 complete. Pausing 5s...
[16:21:09] Phase 2 — 4 task(s) remaining
[16:21:09] ━━━ Task #6 — 2.8 ━━━
[16:21:09] Description: 2.8 **One-click program links** — Direct link to each program's website from enrollment card. [Inspired by AwardWallet]
[16:21:09] ▶ Executing task 2.8...
[16:25:37] ▶ Review attempt 1/3 for task 2.8...
[16:27:06] ▶ Applying review recommendations for task 2.8...
[16:28:47] ▶ Review attempt 2/3 for task 2.8...
[16:29:56] ▶ Applying review recommendations for task 2.8...
[16:30:09] ▶ Review attempt 3/3 for task 2.8...
[16:30:51] ⚠️  Max review attempts (3) reached for task 2.8. Moving on.
[16:30:51] Task 2.8 complete. Pausing 5s...
[16:30:56] Phase 2 — 3 task(s) remaining
[16:30:56] ━━━ Task #7 — 2.9 ━━━
[16:30:56] Description: 2.9 **Balance change digest** — Weekly email: "This week: Smiles +2,000, Livelo -10,000, Esfera unchanged." Cron job + Resend template. [Inspired by AwardWallet]
[16:30:56] ▶ Executing task 2.9...
[16:42:38] ▶ Review attempt 1/3 for task 2.9...
[16:44:44] ▶ Applying review recommendations for task 2.9...
[16:48:46] ▶ Review attempt 2/3 for task 2.9...
[16:51:20] ▶ Applying review recommendations for task 2.9...
[16:51:48] ▶ Review attempt 3/3 for task 2.9...
[16:54:11] ⚠️  Max review attempts (3) reached for task 2.9. Moving on.
[16:54:11] Task 2.9 complete. Pausing 5s...
[16:54:16] Phase 2 — 2 task(s) remaining
[16:54:16] ━━━ Task #8 — 2.10 ━━━
[16:54:16] Description: 2.10 **Benefit tracking** — CRUD for TrackedBenefit: free nights, companion passes, upgrade credits, lounge access, travel credits. Expiration alerts. [Inspired by AwardWallet Plus]
[16:54:16] ▶ Executing task 2.10...
[16:54:38] ▶ Review attempt 1/3 for task 2.10...
[16:55:14] ▶ Applying review recommendations for task 2.10...
[17:08:46] ▶ Review attempt 2/3 for task 2.10...
[17:11:19] ▶ Applying review recommendations for task 2.10...
[17:12:29] ▶ Review attempt 3/3 for task 2.10...
[17:14:10] ⚠️  Max review attempts (3) reached for task 2.10. Moving on.
[17:14:10] Task 2.10 complete. Pausing 5s...
[17:14:15] Phase 2 — 1 task(s) remaining
[17:14:15] ━━━ Task #9 — 2.11 ━━━
[17:14:15] Description: 2.11 **Family member profiles** — Add family members with their own program enrollments. Manage balances under one account. [Inspired by both competitors]
[17:14:15] ▶ Executing task 2.11...
[17:29:56] ▶ Review attempt 1/3 for task 2.11...
[17:32:28] ▶ Applying review recommendations for task 2.11...
[17:36:09] ▶ Review attempt 2/3 for task 2.11...
[17:39:01] ▶ Applying review recommendations for task 2.11...
[17:39:29] ▶ Review attempt 3/3 for task 2.11...
[17:43:49] ⚠️  Max review attempts (3) reached for task 2.11. Moving on.
[17:43:49] Task 2.11 complete. Pausing 5s...
[17:43:54] Phase 2 — 0
0 task(s) remaining
[17:43:54] No more incomplete tasks found for Phase 2.
[17:43:54] ━━━ Running QA for Phase 2 ━━━
[17:50:00] 
[17:50:00] ╔══════════════════════════════════════════╗
[17:50:00] ║   Phase 2 complete!               ║
[17:50:00] ║   Tasks executed: 10            ║
[17:50:00] ║   Logs: logs/phase-2/                      ║
[17:50:00] ╚══════════════════════════════════════════╝
